Start testing: Jan 10 20:00 JST
----------------------------------------------------------
1/1 Testing: test1
1/1 Test: test1
Command: "/home/taki/CATdd/target_project/exp1/build/tdd_sample_test"
Directory: /home/taki/CATdd/target_project/exp1/build
"test1" start time: Jan 10 20:00 JST
Output:
----------------------------------------------------------
Running main() from /home/taki/CATdd/target_project/exp1/build/googletest-src/googletest/src/gtest_main.cc
[0;32m[==========] [mRunning 1 test from 1 test suite.
[0;32m[----------] [mGlobal test environment set-up.
[0;32m[----------] [m1 test from RgbTest
[0;32m[ RUN      ] [mRgbTest.rgbConstructorTest
[0;32m[       OK ] [mRgbTest.rgbConstructorTest (0 ms)
[0;32m[----------] [m1 test from RgbTest (0 ms total)

[0;32m[----------] [mGlobal test environment tear-down
[0;32m[==========] [m1 test from 1 test suite ran. (0 ms total)
[0;32m[  PASSED  ] [m1 test.
libgcov profiling error:/home/taki/CATdd/target_project/exp1/build/CMakeFiles/tdd_sample_test.dir/module/Rgb.cpp.gcda:overwriting an existing profile data with a different timestamp
libgcov profiling error:/home/taki/CATdd/target_project/exp1/build/CMakeFiles/tdd_sample_test.dir/test/RgbTest.cpp.gcda:overwriting an existing profile data with a different timestamp
<end of output>
Test time =   0.00 sec
----------------------------------------------------------
Test Passed.
"test1" end time: Jan 10 20:00 JST
"test1" time elapsed: 00:00:00
----------------------------------------------------------

End testing: Jan 10 20:00 JST
