Start testing: Jan 10 17:15 JST
----------------------------------------------------------
1/1 Testing: test1
1/1 Test: test1
Command: "/home/taki/CATdd/target_project/exp3/build/tdd_sample_test"
Directory: /home/taki/CATdd/target_project/exp3/build
"test1" start time: Jan 10 17:15 JST
Output:
----------------------------------------------------------
Running main() from /home/taki/CATdd/target_project/exp3/build/googletest-src/googletest/src/gtest_main.cc
[0;32m[==========] [mRunning 5 tests from 1 test suite.
[0;32m[----------] [mGlobal test environment set-up.
[0;32m[----------] [m5 tests from TriangleTest
[0;32m[ RUN      ] [mTriangleTest.determineTypeEquilateralTest
[0;32m[       OK ] [mTriangleTest.determineTypeEquilateralTest (0 ms)
[0;32m[ RUN      ] [mTriangleTest.determineTypeScaleneTest
[0;32m[       OK ] [mTriangleTest.determineTypeScaleneTest (0 ms)
[0;32m[ RUN      ] [mTriangleTest.determineTypeRightTest
[0;32m[       OK ] [mTriangleTest.determineTypeRightTest (0 ms)
[0;32m[ RUN      ] [mTriangleTest.determineTypeTest
[0;32m[       OK ] [mTriangleTest.determineTypeTest (0 ms)
[0;32m[ RUN      ] [mTriangleTest.determineTypeNonTest
/home/taki/CATdd/target_project/exp3/test/TriangleTest.cpp:24: Failure
Expected equality of these values:
  Triangle::determine_type(200, 3, 4).c_str()
    Which is: ""
  "非三角形"
    Which is: "\xE9\x9D\x9E\xE4\xB8\x89\xE8\xA7\x92\xE5\xBD\xA2"
    As Text: "非三角形"
<end of output>
Test time =   0.00 sec
----------------------------------------------------------
Test Failed.
"test1" end time: Jan 10 17:15 JST
"test1" time elapsed: 00:00:00
----------------------------------------------------------

End testing: Jan 10 17:15 JST
