Start testing: Jan 10 20:48 JST
----------------------------------------------------------
1/1 Testing: test1
1/1 Test: test1
Command: "/home/taki/CATdd/target_project/exp2/build/tdd_sample_test"
Directory: /home/taki/CATdd/target_project/exp2/build
"test1" start time: Jan 10 20:48 JST
Output:
----------------------------------------------------------
Running main() from /home/taki/CATdd/target_project/exp2/build/googletest-src/googletest/src/gtest_main.cc
[0;32m[==========] [mRunning 3 tests from 1 test suite.
[0;32m[----------] [mGlobal test environment set-up.
[0;32m[----------] [m3 tests from TriangleTest
[0;32m[ RUN      ] [mTriangleTest.determineTypeEquilateralTest
[0;32m[       OK ] [mTriangleTest.determineTypeEquilateralTest (0 ms)
[0;32m[ RUN      ] [mTriangleTest.determineTypeScaleneTest
[0;32m[       OK ] [mTriangleTest.determineTypeScaleneTest (0 ms)
[0;32m[ RUN      ] [mTriangleTest.determineTypeRightTest
[0;32m[       OK ] [mTriangleTest.determineTypeRightTest (0 ms)
[0;32m[----------] [m3 tests from TriangleTest (0 ms total)

[0;32m[----------] [mGlobal test environment tear-down
[0;32m[==========] [m3 tests from 1 test suite ran. (0 ms total)
[0;32m[  PASSED  ] [m3 tests.
libgcov profiling error:/home/taki/CATdd/target_project/exp2/build/CMakeFiles/tdd_sample_test.dir/module/Triangle.cpp.gcda:overwriting an existing profile data with a different timestamp
<end of output>
Test time =   0.00 sec
----------------------------------------------------------
Test Passed.
"test1" end time: Jan 10 20:48 JST
"test1" time elapsed: 00:00:00
----------------------------------------------------------

End testing: Jan 10 20:48 JST
