Loading '/mnt/c/Users/take/Desktop/LnWSL/CATdd/catdd.yaml' ... [32mFinish![39m
Testing ... [32mFinish![39m
Loading '/mnt/c/Users/take/Desktop/LnWSL/CATdd/catdd.yaml' ... [32mFinish![39m
Testing ... [32mFinish![39m
Loading '/mnt/c/Users/take/Desktop/LnWSL/CATdd/catdd.yaml' ... [32mFinish![39m
Testing ... [32mFinish![39m
Loading '/mnt/c/Users/take/Desktop/LnWSL/CATdd/catdd.yaml' ... [32mFinish![39m
Testing ... [32mFinish![39m
1: [0;32m[ RUN      ] [mAtmTest.transferMinusTest
1: /home/taki/windows/CATdd/target_project/tdd-sample/test/AtmTest.cpp:37: Failure
1: Expected equality of these values:
1:   atm.getBalance()
1:     Which is: 31000
1:   29000
1: 
1: [0;31m[  FAILED  ] [mAtmTest.transferMinusTest (0 ms)
{
        Atm atm(29000);
        atm.transfer(-2000);
        EXPECT_EQ(atm.getBalance(), 29000);
    }
1: [0;32m[ RUN      ] [mAtmTest.depositMinusTest
1: /home/taki/windows/CATdd/target_project/tdd-sample/test/AtmTest.cpp:51: Failure
1: Expected equality of these values:
1:   atm.getBalance()
1:     Which is: 19
1:   20
1: 
1: [0;31m[  FAILED  ] [mAtmTest.depositMinusTest (0 ms)
{
        Atm atm(20);
        atm.deposit(-1);
        EXPECT_EQ(atm.getBalance(), 20);
    }
Loading '/mnt/c/Users/take/Desktop/LnWSL/CATdd/catdd.yaml' ... [32mFinish![39m
Testing ... [32mFinish![39m
1: [0;32m[ RUN      ] [mAtmTest.transferMinusTest
1: /home/taki/windows/CATdd/target_project/tdd-sample/test/AtmTest.cpp:37: Failure
1: Expected equality of these values:
1:   atm.getBalance()
1:     Which is: 31000
1:   29000
1: 
1: [0;31m[  FAILED  ] [mAtmTest.transferMinusTest (0 ms)
{
        Atm atm(29000);
        atm.transfer(-2000);
        EXPECT_EQ(atm.getBalance(), 29000);
    }
1: [0;32m[ RUN      ] [mAtmTest.depositMinusTest
1: /home/taki/windows/CATdd/target_project/tdd-sample/test/AtmTest.cpp:51: Failure
1: Expected equality of these values:
1:   atm.getBalance()
1:     Which is: 19
1:   20
1: 
1: [0;31m[  FAILED  ] [mAtmTest.depositMinusTest (0 ms)
{
        Atm atm(20);
        atm.deposit(-1);
        EXPECT_EQ(atm.getBalance(), 20);
    }
Loading '/mnt/c/Users/take/Desktop/LnWSL/CATdd/catdd.yaml' ... [32mFinish![39m
Testing ... [32mFinish![39m

[31m!!! 
'TestResult' object has no attribute 'testcases'
 !!![39m

Loading '/mnt/c/Users/take/Desktop/LnWSL/CATdd/catdd.yaml' ... [32mFinish![39m
Testing ... [32mFinish![39m
{'AtmTest': [<object.test_result.TestcaseResult object at 0x7fc982528bb0>, <object.test_result.TestcaseResult object at 0x7fc9825338b0>]}
Loading '/mnt/c/Users/take/Desktop/LnWSL/CATdd/catdd.yaml' ... [32mFinish![39m
Testing ... [32mFinish![39m
{'AtmTest': [<object.test_result.TestcaseResult object at 0x7fad07748b20>, <object.test_result.TestcaseResult object at 0x7fad077528b0>]}
Loading '/mnt/c/Users/take/Desktop/LnWSL/CATdd/catdd.yaml' ... [32mFinish![39m
Testing ... [32mFinish![39m
{'AtmTest': [<object.test_result.TestcaseResult object at 0x7fedb6238b20>, <object.test_result.TestcaseResult object at 0x7fedb623e8b0>]}
Loading '/mnt/c/Users/take/Desktop/LnWSL/CATdd/catdd.yaml' ... [32mFinish![39m
Testing ... [32mFinish![39m
{'AtmTest': [<object.test_result.TestcaseResult object at 0x7f26c9c6ab50>, <object.test_result.TestcaseResult object at 0x7f26c9c718b0>]}
Loading '/mnt/c/Users/take/Desktop/LnWSL/CATdd/catdd.yaml' ... [32mFinish![39m
Testing ... [32mFinish![39m

[31m!!! 
'str' object has no attribute 'code'
 !!![39m

Loading '/mnt/c/Users/take/Desktop/LnWSL/CATdd/catdd.yaml' ... [32mFinish![39m
Testing ... [32mFinish![39m
{'AtmTest': [<object.test_result.TestcaseResult object at 0x7faf213212b0>, <object.test_result.TestcaseResult object at 0x7faf214d1430>]}
Loading '/mnt/c/Users/take/Desktop/LnWSL/CATdd/catdd.yaml' ... [32mFinish![39m
Testing ... [32mFinish![39m
['{\n        Atm atm(29000);\n        atm.transfer(-2000);\n        EXPECT_EQ(atm.getBalance(), 29000);\n    }\n1: \x1b[0;32m[ RUN      ] \x1b[mAtmTest.transferMinusTest\n1: /home/taki/windows/CATdd/target_project/tdd-sample/test/AtmTest.cpp:37: Failure\n1: Expected equality of these values:\n1:   atm.getBalance()\n1:     Which is: 31000\n1:   29000\n1: \n1: \x1b[0;31m[  FAILED  ] \x1b[mAtmTest.transferMinusTest (0 ms)', '{\n        Atm atm(20);\n        atm.deposit(-1);\n        EXPECT_EQ(atm.getBalance(), 20);\n    }\n1: \x1b[0;32m[ RUN      ] \x1b[mAtmTest.depositMinusTest\n1: /home/taki/windows/CATdd/target_project/tdd-sample/test/AtmTest.cpp:51: Failure\n1: Expected equality of these values:\n1:   atm.getBalance()\n1:     Which is: 19\n1:   20\n1: \n1: \x1b[0;31m[  FAILED  ] \x1b[mAtmTest.depositMinusTest (0 ms)']
Loading '/mnt/c/Users/take/Desktop/LnWSL/CATdd/catdd.yaml' ... [32mFinish![39m
Testing ... [32mFinish![39m

[31m!!! 
'SourceCode' object is not iterable
 !!![39m

Loading '/mnt/c/Users/take/Desktop/LnWSL/CATdd/catdd.yaml' ... [32mFinish![39m
Testing ... [32mFinish![39m
{'AtmTest': [<object.test_result.TestcaseResult object at 0x7ff5a4a556a0>, <object.test_result.TestcaseResult object at 0x7ff5a3158970>]}
Loading '/mnt/c/Users/take/Desktop/LnWSL/CATdd/catdd.yaml' ... [32mFinish![39m
Testing ... [32mFinish![39m

Loading '/mnt/c/Users/take/Desktop/LnWSL/CATdd/catdd.yaml' ... [32mFinish![39m
Testing ... [32mFinish![39m

Loading '/mnt/c/Users/take/Desktop/LnWSL/CATdd/catdd.yaml' ... [32mFinish![39m
Testing ... [32mFinish![39m
è§£æ±ºï¼š
Atm atm(20);
if (amount >= 0) {
    atm.deposit(amount);
    EXPECT_EQ(atm.getBalance(), 20);
}
