Start testing: Jan 08 18:03 JST
----------------------------------------------------------
1/1 Testing: test1
1/1 Test: test1
Command: "/mnt/c/Users/miyashita/Documents/wsl_box/CATdd/target_project/application_example/build/tdd_sample_test"
Directory: /mnt/c/Users/miyashita/Documents/wsl_box/CATdd/target_project/application_example/build
"test1" start time: Jan 08 18:03 JST
Output:
----------------------------------------------------------
Running main() from /mnt/c/Users/miyashita/Documents/wsl_box/CATdd/target_project/application_example/build/googletest-src/googletest/src/gtest_main.cc
[0;32m[==========] [mRunning 9 tests from 1 test suite.
[0;32m[----------] [mGlobal test environment set-up.
[0;32m[----------] [m9 tests from AtmTest
[0;32m[ RUN      ] [mAtmTest.getBalanceInitTest
[0;32m[       OK ] [mAtmTest.getBalanceInitTest (0 ms)
[0;32m[ RUN      ] [mAtmTest.getBalanceDefaultTest
[0;32m[       OK ] [mAtmTest.getBalanceDefaultTest (0 ms)
[0;32m[ RUN      ] [mAtmTest.transferTest
[0;32m[       OK ] [mAtmTest.transferTest (0 ms)
[0;32m[ RUN      ] [mAtmTest.transferLargerTest
[0;32m[       OK ] [mAtmTest.transferLargerTest (0 ms)
[0;32m[ RUN      ] [mAtmTest.transferMinusTest
[0;32m[       OK ] [mAtmTest.transferMinusTest (0 ms)
[0;32m[ RUN      ] [mAtmTest.transgerOverMaxTest
[0;32m[       OK ] [mAtmTest.transgerOverMaxTest (0 ms)
[0;32m[ RUN      ] [mAtmTest.depositTest
/mnt/c/Users/miyashita/Documents/wsl_box/CATdd/target_project/application_example/test/AtmTest.cpp:44: Failure
Expected equality of these values:
  atm.getBalance()
    Which is: 9500
  19500
[0;31m[  FAILED  ] [mAtmTest.depositTest (0 ms)
[0;32m[ RUN      ] [mAtmTest.depositMinusTest
[0;32m[       OK ] [mAtmTest.depositMinusTest (0 ms)
[0;32m[ RUN      ] [mAtmTest.depositOverMaxTest
[0;32m[       OK ] [mAtmTest.depositOverMaxTest (0 ms)
[0;32m[----------] [m9 tests from AtmTest (0 ms total)

[0;32m[----------] [mGlobal test environment tear-down
[0;32m[==========] [m9 tests from 1 test suite ran. (0 ms total)
[0;32m[  PASSED  ] [m8 tests.
[0;31m[  FAILED  ] [m1 test, listed below:
[0;31m[  FAILED  ] [mAtmTest.depositTest

 1 FAILED TEST
libgcov profiling error:/mnt/c/Users/miyashita/Documents/wsl_box/CATdd/target_project/application_example/build/CMakeFiles/tdd_sample_test.dir/module/Atm.cpp.gcda:overwriting an existing profile data with a different timestamp
<end of output>
Test time =   0.04 sec
----------------------------------------------------------
Test Failed.
"test1" end time: Jan 08 18:03 JST
"test1" time elapsed: 00:00:00
----------------------------------------------------------

End testing: Jan 08 18:03 JST
